<?xml version="1.0" encoding="UTF-8"?>
<!-- Generated by org.testng.reporters.JUnitXMLReporter -->
<testsuite hostname="Venkatanathan" ignored="0" name="Test" tests="9" failures="0" timestamp="12 Nov 2022 11:03:35 GMT" time="0.129" errors="0">
  <testcase name="tc" time="0.032" classname="org.test.A"/>
  <testcase name="tc2" time="0.0" classname="org.test.A"/>
  <testcase name="tc3" time="0.0" classname="org.test.A"/>
  <testcase name="tc21" time="0.015" classname="org.test.C"/>
  <testcase name="tc22" time="0.0" classname="org.test.C"/>
  <testcase name="tc23" time="0.0" classname="org.test.C"/>
  <testcase name="tc11" time="0.0" classname="org.test.B"/>
  <testcase name="tc12" time="0.016" classname="org.test.B"/>
  <testcase name="tc13" time="0.0" classname="org.test.B"/>
</testsuite> <!-- Test -->
