<?xml version="1.0" encoding="UTF-8"?>
<testng-results skipped="0" failed="0" ignored="0" total="9" passed="9">
  <reporter-output>
  </reporter-output>
  <suite name="Suite" duration-ms="129" started-at="2022-11-12T11:03:35Z" finished-at="2022-11-12T11:03:35Z">
    <groups>
    </groups>
    <test name="Test" duration-ms="129" started-at="2022-11-12T11:03:35Z" finished-at="2022-11-12T11:03:35Z">
      <class name="org.test.B">
        <test-method status="PASS" signature="tc12()[pri:0, instance:org.test.B@7085bdee]" name="tc12" duration-ms="16" started-at="2022-11-12T11:03:35Z" finished-at="2022-11-12T11:03:35Z">
          <reporter-output>
          </reporter-output>
        </test-method> <!-- tc12 -->
        <test-method status="PASS" signature="tc11()[pri:0, instance:org.test.B@7085bdee]" name="tc11" duration-ms="0" started-at="2022-11-12T11:03:35Z" finished-at="2022-11-12T11:03:35Z">
          <reporter-output>
          </reporter-output>
        </test-method> <!-- tc11 -->
        <test-method status="PASS" signature="tc13()[pri:0, instance:org.test.B@7085bdee]" name="tc13" duration-ms="0" started-at="2022-11-12T11:03:35Z" finished-at="2022-11-12T11:03:35Z">
          <reporter-output>
          </reporter-output>
        </test-method> <!-- tc13 -->
      </class> <!-- org.test.B -->
      <class name="org.test.C">
        <test-method status="PASS" signature="tc21()[pri:0, instance:org.test.C@73ad2d6]" name="tc21" duration-ms="15" started-at="2022-11-12T11:03:35Z" finished-at="2022-11-12T11:03:35Z">
          <reporter-output>
          </reporter-output>
        </test-method> <!-- tc21 -->
        <test-method status="PASS" signature="tc22()[pri:0, instance:org.test.C@73ad2d6]" name="tc22" duration-ms="0" started-at="2022-11-12T11:03:35Z" finished-at="2022-11-12T11:03:35Z">
          <reporter-output>
          </reporter-output>
        </test-method> <!-- tc22 -->
        <test-method status="PASS" signature="tc23()[pri:0, instance:org.test.C@73ad2d6]" name="tc23" duration-ms="0" started-at="2022-11-12T11:03:35Z" finished-at="2022-11-12T11:03:35Z">
          <reporter-output>
          </reporter-output>
        </test-method> <!-- tc23 -->
      </class> <!-- org.test.C -->
      <class name="org.test.A">
        <test-method status="PASS" signature="tc()[pri:0, instance:org.test.A@3fee9989]" name="tc" duration-ms="32" started-at="2022-11-12T11:03:35Z" finished-at="2022-11-12T11:03:35Z">
          <reporter-output>
          </reporter-output>
        </test-method> <!-- tc -->
        <test-method status="PASS" signature="tc3()[pri:0, instance:org.test.A@3fee9989]" name="tc3" duration-ms="0" started-at="2022-11-12T11:03:35Z" finished-at="2022-11-12T11:03:35Z">
          <reporter-output>
          </reporter-output>
        </test-method> <!-- tc3 -->
        <test-method status="PASS" signature="tc2()[pri:0, instance:org.test.A@3fee9989]" name="tc2" duration-ms="0" started-at="2022-11-12T11:03:35Z" finished-at="2022-11-12T11:03:35Z">
          <reporter-output>
          </reporter-output>
        </test-method> <!-- tc2 -->
      </class> <!-- org.test.A -->
    </test> <!-- Test -->
  </suite> <!-- Suite -->
</testng-results>
